0 info it worked if it ends with ok
1 verbose cli [ 'c:\\Program Files\\nodejs\\node.exe',
1 verbose cli   'c:\\Program Files\\nodejs\\node_modules\\npm\\bin\\npm-cli.js',
1 verbose cli   'install',
1 verbose cli   'd3.cloud' ]
2 info using npm@1.4.28
3 info using node@v0.10.33
4 verbose cache add [ 'd3.cloud', null ]
5 verbose cache add name=undefined spec="d3.cloud" args=["d3.cloud",null]
6 verbose parsed url { protocol: null,
6 verbose parsed url   slashes: null,
6 verbose parsed url   auth: null,
6 verbose parsed url   host: null,
6 verbose parsed url   port: null,
6 verbose parsed url   hostname: null,
6 verbose parsed url   hash: null,
6 verbose parsed url   search: null,
6 verbose parsed url   query: null,
6 verbose parsed url   pathname: 'd3.cloud',
6 verbose parsed url   path: 'd3.cloud',
6 verbose parsed url   href: 'd3.cloud' }
7 silly lockFile cf0cb9fc-d3-cloud d3.cloud
8 verbose lock d3.cloud C:\Users\Sunny Aggarwal\AppData\Roaming\npm-cache\cf0cb9fc-d3-cloud.lock
9 silly lockFile cf0cb9fc-d3-cloud d3.cloud
10 silly lockFile cf0cb9fc-d3-cloud d3.cloud
11 verbose addNamed [ 'd3.cloud', '' ]
12 verbose addNamed [ null, '*' ]
13 silly lockFile 5f7476a2-d3-cloud d3.cloud@
14 verbose lock d3.cloud@ C:\Users\Sunny Aggarwal\AppData\Roaming\npm-cache\5f7476a2-d3-cloud.lock
15 silly addNameRange { name: 'd3.cloud', range: '*', hasData: false }
16 verbose request where is /d3.cloud
17 verbose request registry https://registry.npmjs.org/
18 verbose request id e54e29204a4ba12a
19 verbose url raw /d3.cloud
20 verbose url resolving [ 'https://registry.npmjs.org/', './d3.cloud' ]
21 verbose url resolved https://registry.npmjs.org/d3.cloud
22 verbose request where is https://registry.npmjs.org/d3.cloud
23 info trying registry request attempt 1 at 01:43:30
24 http GET https://registry.npmjs.org/d3.cloud
25 http 404 https://registry.npmjs.org/d3.cloud
26 silly registry.get cb [ 404,
26 silly registry.get   { 'content-type': 'application/json',
26 silly registry.get     'cache-control': 'max-age=0',
26 silly registry.get     'content-length': '2',
26 silly registry.get     'accept-ranges': 'bytes',
26 silly registry.get     date: 'Thu, 11 Feb 2016 09:43:28 GMT',
26 silly registry.get     via: '1.1 varnish',
26 silly registry.get     age: '0',
26 silly registry.get     connection: 'keep-alive',
26 silly registry.get     'x-served-by': 'cache-sjc3130-SJC',
26 silly registry.get     'x-cache': 'MISS',
26 silly registry.get     'x-cache-hits': '0',
26 silly registry.get     'x-timer': 'S1455183808.712371,VS0,VE47' } ]
27 silly lockFile 5f7476a2-d3-cloud d3.cloud@
28 silly lockFile 5f7476a2-d3-cloud d3.cloud@
29 error 404 Not Found
29 error 404
29 error 404 'd3.cloud' is not in the npm registry.
29 error 404 You should bug the author to publish it
29 error 404
29 error 404 Note that you can also install from a
29 error 404 tarball, folder, or http url, or git url.
30 error System Windows_NT 6.2.9200
31 error command "c:\\Program Files\\nodejs\\node.exe" "c:\\Program Files\\nodejs\\node_modules\\npm\\bin\\npm-cli.js" "install" "d3.cloud"
32 error cwd c:\Users\Sunny Aggarwal\texas
33 error node -v v0.10.33
34 error npm -v 1.4.28
35 error code E404
36 verbose exit [ 1, true ]
